<?xml version="1.0" encoding="UTF-8"?>
<!-- Generated by org.testng.reporters.JUnitXMLReporter -->
<testsuite ignored="4" hostname="Ashraf-khalil" failures="0" tests="3" name="Test" time="16.225" errors="0" timestamp="2024-10-17T15:47:35 GMT+03:00">
  <testcase classname="testCases.LogInTestCase" name="loginWithValidData" time="5.062"/>
  <testcase classname="testCases.AddToCartTC" name="AdddProductToCart" time="3.37"/>
  <testcase classname="testCases.PaymentTestCase" name="enterPaymentData" time="3.416"/>
  <testcase classname="testCases.TestBase" name="@AfterTest closeBrowser" time="0.0">
    <ignored/>
  </testcase> <!-- @AfterTest closeBrowser -->
  <testcase classname="testCases.TestBase" name="@AfterTest closeBrowser" time="0.0">
    <ignored/>
  </testcase> <!-- @AfterTest closeBrowser -->
  <testcase classname="testCases.TestBase" name="@BeforeTest openBrowser" time="0.0">
    <ignored/>
  </testcase> <!-- @BeforeTest openBrowser -->
  <testcase classname="testCases.TestBase" name="@BeforeTest openBrowser" time="0.0">
    <ignored/>
  </testcase> <!-- @BeforeTest openBrowser -->
</testsuite> <!-- Test -->
